0 info it worked if it ends with ok
1 verbose cli [ '/Users/robnolan/.nvm/versions/node/v6.13.1/bin/node',
1 verbose cli   '/Users/robnolan/.nvm/versions/node/v6.13.1/bin/npm',
1 verbose cli   'run',
1 verbose cli   'seed' ]
2 info using npm@3.10.10
3 info using node@v6.13.1
4 verbose run-script [ 'preseed', 'seed', 'postseed' ]
5 info lifecycle top-video-player@~preseed: top-video-player@
6 silly lifecycle top-video-player@~preseed: no script for preseed, continuing
7 info lifecycle top-video-player@~seed: top-video-player@
8 verbose lifecycle top-video-player@~seed: unsafe-perm in lifecycle true
9 verbose lifecycle top-video-player@~seed: PATH: /Users/robnolan/.nvm/versions/node/v6.13.1/lib/node_modules/npm/bin/node-gyp-bin:/Users/robnolan/HRR41/top-video-player/node_modules/.bin:/Users/robnolan/.nvm/versions/node/v6.13.1/bin:/usr/local/opt/mysql@5.7/bin:/usr/local/bin:/usr/bin:/bin:/usr/sbin:/sbin:/Library/Apple/usr/bin:/Library/Apple/bin
10 verbose lifecycle top-video-player@~seed: CWD: /Users/robnolan/HRR41/top-video-player
11 silly lifecycle top-video-player@~seed: Args: [ '-c', 'node server/seeder.js' ]
12 silly lifecycle top-video-player@~seed: Returned: code: 1  signal: null
13 info lifecycle top-video-player@~seed: Failed to exec seed script
14 verbose stack Error: top-video-player@ seed: `node server/seeder.js`
14 verbose stack Exit status 1
14 verbose stack     at EventEmitter.<anonymous> (/Users/robnolan/.nvm/versions/node/v6.13.1/lib/node_modules/npm/lib/utils/lifecycle.js:255:16)
14 verbose stack     at emitTwo (events.js:106:13)
14 verbose stack     at EventEmitter.emit (events.js:191:7)
14 verbose stack     at ChildProcess.<anonymous> (/Users/robnolan/.nvm/versions/node/v6.13.1/lib/node_modules/npm/lib/utils/spawn.js:40:14)
14 verbose stack     at emitTwo (events.js:106:13)
14 verbose stack     at ChildProcess.emit (events.js:191:7)
14 verbose stack     at maybeClose (internal/child_process.js:920:16)
14 verbose stack     at Process.ChildProcess._handle.onexit (internal/child_process.js:230:5)
15 verbose pkgid top-video-player@
16 verbose cwd /Users/robnolan/HRR41/top-video-player/server
17 error Darwin 19.0.0
18 error argv "/Users/robnolan/.nvm/versions/node/v6.13.1/bin/node" "/Users/robnolan/.nvm/versions/node/v6.13.1/bin/npm" "run" "seed"
19 error node v6.13.1
20 error npm  v3.10.10
21 error code ELIFECYCLE
22 error top-video-player@ seed: `node server/seeder.js`
22 error Exit status 1
23 error Failed at the top-video-player@ seed script 'node server/seeder.js'.
23 error Make sure you have the latest version of node.js and npm installed.
23 error If you do, this is most likely a problem with the top-video-player package,
23 error not with npm itself.
23 error Tell the author that this fails on your system:
23 error     node server/seeder.js
23 error You can get information on how to open an issue for this project with:
23 error     npm bugs top-video-player
23 error Or if that isn't available, you can get their info via:
23 error     npm owner ls top-video-player
23 error There is likely additional logging output above.
24 verbose exit [ 1, true ]
